#! /c/iverilog/bin/vvp
:ivl_version "0.9.7 " "(v0_9_7)";
:vpi_time_precision + 0;
:vpi_module "system";
:vpi_module "v2005_math";
:vpi_module "va_math";
S_0115F140 .scope module, "barrelshiftregistertb" "barrelshiftregistertb" 2 1;
 .timescale 0 0;
v011B4278_0 .var "dir", 0 0;
v011B4B10_0 .var "inp", 7 0;
v011B47A0_0 .net "out", 7 0, L_011BA310; 1 drivers
v011B4380_0 .var "shamt", 2 0;
E_011771E0 .event edge, v011AFD10_0, v011B40C0_0, v011AFEC8_0;
S_0115F7A0 .scope module, "uut" "barrelshiftregister" 2 8, 3 1, S_0115F140;
 .timescale 0 0;
RS_0117F134/0/0 .resolv tri, L_011B75B0, L_011B7D98, L_011B7EA0, L_011B7E48;
RS_0117F134/0/4 .resolv tri, L_011B93F0, L_011B9448, L_011B95A8, L_011B9398;
RS_0117F134 .resolv tri, RS_0117F134/0/0, RS_0117F134/0/4, C4<zzzzzzzz>, C4<zzzzzzzz>;
v011AFC08_0 .net8 "LA", 7 0, RS_0117F134; 8 drivers
RS_0117F14C/0/0 .resolv tri, L_011B9340, L_011B8B58, L_011B8C08, L_011B8A50;
RS_0117F14C/0/4 .resolv tri, L_011B8EC8, L_011B8C60, L_011BB910, L_011BBF40;
RS_0117F14C .resolv tri, RS_0117F14C/0/0, RS_0117F14C/0/4, C4<zzzzzzzz>, C4<zzzzzzzz>;
v011AFDC0_0 .net8 "LB", 7 0, RS_0117F14C; 8 drivers
RS_0117F164/0/0 .resolv tri, L_011BBCD8, L_011BBAC8, L_011BB7B0, L_011BBC28;
RS_0117F164/0/4 .resolv tri, L_011BA9F0, L_011BAB50, L_011BA2B8, L_011BA100;
RS_0117F164 .resolv tri, RS_0117F164/0/0, RS_0117F164/0/4, C4<zzzzzzzz>, C4<zzzzzzzz>;
v011AFE18_0 .net8 "LY", 7 0, RS_0117F164; 8 drivers
RS_0117F17C/0/0 .resolv tri, L_011B42D0, L_011B4170, L_011B4A60, L_011B4220;
RS_0117F17C/0/4 .resolv tri, L_011B4430, L_011B4958, L_011B4F88, L_011B4FE0;
RS_0117F17C .resolv tri, RS_0117F17C/0/0, RS_0117F17C/0/4, C4<zzzzzzzz>, C4<zzzzzzzz>;
v011AFFD0_0 .net8 "RA", 7 0, RS_0117F17C; 8 drivers
RS_0117F194/0/0 .resolv tri, L_011B4C70, L_011B6740, L_011B6588, L_011B66E8;
RS_0117F194/0/4 .resolv tri, L_011B5EA8, L_011B5AE0, L_011B5DA0, L_011B5BE8;
RS_0117F194 .resolv tri, RS_0117F194/0/0, RS_0117F194/0/4, C4<zzzzzzzz>, C4<zzzzzzzz>;
v011AFC60_0 .net8 "RB", 7 0, RS_0117F194; 8 drivers
RS_0117F1AC/0/0 .resolv tri, L_011B5F58, L_011B5DF8, L_011B6060, L_011B7A28;
RS_0117F1AC/0/4 .resolv tri, L_011B79D0, L_011B7558, L_011B7B30, L_011B7240;
RS_0117F1AC .resolv tri, RS_0117F1AC/0/0, RS_0117F1AC/0/4, C4<zzzzzzzz>, C4<zzzzzzzz>;
v011AFE70_0 .net8 "RY", 7 0, RS_0117F1AC; 8 drivers
v011AFEC8_0 .net "X", 7 0, v011B4B10_0; 1 drivers
v011AFF20_0 .alias "Y", 7 0, v011B47A0_0;
v011AFF78_0 .net *"_s384", 2 0, L_011BAAA0; 1 drivers
v011AFB58_0 .net *"_s387", 1 0, C4<00>; 1 drivers
v011AFD68_0 .net *"_s388", 2 0, C4<001>; 1 drivers
v011AFCB8_0 .net *"_s390", 0 0, L_011BA890; 1 drivers
v011AFD10_0 .net "dir", 0 0, v011B4278_0; 1 drivers
v011B40C0_0 .net "shift", 2 0, v011B4380_0; 1 drivers
L_011B42D0 .part/pv L_011B4118, 7, 1, 8;
L_011B4328 .part v011B4B10_0, 7, 1;
L_011B4068 .part v011B4380_0, 2, 1;
L_011B4170 .part/pv L_011B4488, 6, 1, 8;
L_011B4AB8 .part v011B4B10_0, 6, 1;
L_011B47F8 .part v011B4380_0, 2, 1;
L_011B4A60 .part/pv L_011B44E0, 5, 1, 8;
L_011B41C8 .part v011B4B10_0, 5, 1;
L_011B4850 .part v011B4380_0, 2, 1;
L_011B4220 .part/pv L_011B48A8, 4, 1, 8;
L_011B4538 .part v011B4B10_0, 4, 1;
L_011B4590 .part v011B4380_0, 2, 1;
L_011B4430 .part/pv L_011B43D8, 3, 1, 8;
L_011B45E8 .part v011B4B10_0, 3, 1;
L_011B4640 .part v011B4B10_0, 7, 1;
L_011B4698 .part v011B4380_0, 2, 1;
L_011B4958 .part/pv L_011B46F0, 2, 1, 8;
L_011B4748 .part v011B4B10_0, 2, 1;
L_011B4900 .part v011B4B10_0, 6, 1;
L_011B49B0 .part v011B4380_0, 2, 1;
L_011B4F88 .part/pv L_011B4A08, 1, 1, 8;
L_011B4ED8 .part v011B4B10_0, 1, 1;
L_011B4E80 .part v011B4B10_0, 5, 1;
L_011B4F30 .part v011B4380_0, 2, 1;
L_011B4FE0 .part/pv L_011B4BC0, 0, 1, 8;
L_011B4DD0 .part v011B4B10_0, 0, 1;
L_011B4C18 .part v011B4B10_0, 4, 1;
L_011B4B68 .part v011B4380_0, 2, 1;
L_011B4C70 .part/pv L_011B4CC8, 7, 1, 8;
L_011B4E28 .part RS_0117F17C, 7, 1;
L_011B4D20 .part v011B4380_0, 1, 1;
L_011B6740 .part/pv L_011B4D78, 6, 1, 8;
L_011B6638 .part RS_0117F17C, 6, 1;
L_011B6480 .part v011B4380_0, 1, 1;
L_011B6588 .part/pv L_011B64D8, 5, 1, 8;
L_011B67F0 .part RS_0117F17C, 5, 1;
L_011B6530 .part RS_0117F17C, 7, 1;
L_011B6690 .part v011B4380_0, 1, 1;
L_011B66E8 .part/pv L_011B65E0, 4, 1, 8;
L_011B6798 .part RS_0117F17C, 4, 1;
L_011B6378 .part RS_0117F17C, 6, 1;
L_011B63D0 .part v011B4380_0, 1, 1;
L_011B5EA8 .part/pv L_011B6428, 3, 1, 8;
L_011B5A30 .part RS_0117F17C, 3, 1;
L_011B5D48 .part RS_0117F17C, 5, 1;
L_011B5980 .part v011B4380_0, 1, 1;
L_011B5AE0 .part/pv L_011B5A88, 2, 1, 8;
L_011B6168 .part RS_0117F17C, 2, 1;
L_011B5CF0 .part RS_0117F17C, 4, 1;
L_011B6218 .part v011B4380_0, 1, 1;
L_011B5DA0 .part/pv L_011B6270, 1, 1, 8;
L_011B59D8 .part RS_0117F17C, 1, 1;
L_011B62C8 .part RS_0117F17C, 3, 1;
L_011B6320 .part v011B4380_0, 1, 1;
L_011B5BE8 .part/pv L_011B5B38, 0, 1, 8;
L_011B58D0 .part RS_0117F17C, 0, 1;
L_011B5C98 .part RS_0117F17C, 2, 1;
L_011B5878 .part v011B4380_0, 1, 1;
L_011B5F58 .part/pv L_011B5F00, 7, 1, 8;
L_011B5928 .part RS_0117F194, 7, 1;
L_011B5FB0 .part v011B4380_0, 0, 1;
L_011B5DF8 .part/pv L_011B5B90, 6, 1, 8;
L_011B5C40 .part RS_0117F194, 6, 1;
L_011B5E50 .part RS_0117F194, 7, 1;
L_011B61C0 .part v011B4380_0, 0, 1;
L_011B6060 .part/pv L_011B6008, 5, 1, 8;
L_011B60B8 .part RS_0117F194, 5, 1;
L_011B6110 .part RS_0117F194, 6, 1;
L_011B71E8 .part v011B4380_0, 0, 1;
L_011B7A28 .part/pv L_011B7920, 4, 1, 8;
L_011B7348 .part RS_0117F194, 4, 1;
L_011B7A80 .part RS_0117F194, 5, 1;
L_011B78C8 .part v011B4380_0, 0, 1;
L_011B79D0 .part/pv L_011B72F0, 3, 1, 8;
L_011B76B8 .part RS_0117F194, 3, 1;
L_011B77C0 .part RS_0117F194, 4, 1;
L_011B7450 .part v011B4380_0, 0, 1;
L_011B7558 .part/pv L_011B7AD8, 2, 1, 8;
L_011B73A0 .part RS_0117F194, 2, 1;
L_011B7500 .part RS_0117F194, 3, 1;
L_011B70E0 .part v011B4380_0, 0, 1;
L_011B7B30 .part/pv L_011B7088, 1, 1, 8;
L_011B7710 .part RS_0117F194, 1, 1;
L_011B7768 .part RS_0117F194, 2, 1;
L_011B7138 .part v011B4380_0, 0, 1;
L_011B7240 .part/pv L_011B7190, 0, 1, 8;
L_011B7978 .part RS_0117F194, 0, 1;
L_011B7298 .part RS_0117F194, 1, 1;
L_011B73F8 .part v011B4380_0, 0, 1;
L_011B75B0 .part/pv L_011B74A8, 7, 1, 8;
L_011B7608 .part v011B4B10_0, 7, 1;
L_011B7660 .part v011B4B10_0, 3, 1;
L_011B7818 .part v011B4380_0, 2, 1;
L_011B7D98 .part/pv L_011B7870, 6, 1, 8;
L_011B7EF8 .part v011B4B10_0, 6, 1;
L_011B7C90 .part v011B4B10_0, 2, 1;
L_011B7DF0 .part v011B4380_0, 2, 1;
L_011B7EA0 .part/pv L_011B7CE8, 5, 1, 8;
L_011B7D40 .part v011B4B10_0, 5, 1;
L_011B7FA8 .part v011B4B10_0, 1, 1;
L_011B7F50 .part v011B4380_0, 2, 1;
L_011B7E48 .part/pv L_011B8000, 4, 1, 8;
L_011B7B88 .part v011B4B10_0, 4, 1;
L_011B7BE0 .part v011B4B10_0, 0, 1;
L_011B7C38 .part v011B4380_0, 2, 1;
L_011B93F0 .part/pv L_011B96B0, 3, 1, 8;
L_011B97B8 .part v011B4B10_0, 3, 1;
L_011B94F8 .part v011B4380_0, 2, 1;
L_011B9448 .part/pv L_011B9658, 2, 1, 8;
L_011B9708 .part v011B4B10_0, 2, 1;
L_011B94A0 .part v011B4380_0, 2, 1;
L_011B95A8 .part/pv L_011B9550, 1, 1, 8;
L_011B9760 .part v011B4B10_0, 1, 1;
L_011B9810 .part v011B4380_0, 2, 1;
L_011B9398 .part/pv L_011B9600, 0, 1, 8;
L_011B8B00 .part v011B4B10_0, 0, 1;
L_011B8E18 .part v011B4380_0, 2, 1;
L_011B9340 .part/pv L_011B90D8, 7, 1, 8;
L_011B8FD0 .part RS_0117F134, 7, 1;
L_011B8948 .part RS_0117F134, 5, 1;
L_011B8E70 .part v011B4380_0, 1, 1;
L_011B8B58 .part/pv L_011B89A0, 6, 1, 8;
L_011B8BB0 .part RS_0117F134, 6, 1;
L_011B89F8 .part RS_0117F134, 4, 1;
L_011B8898 .part v011B4380_0, 1, 1;
L_011B8C08 .part/pv L_011B8CB8, 5, 1, 8;
L_011B9188 .part RS_0117F134, 5, 1;
L_011B92E8 .part RS_0117F134, 3, 1;
L_011B88F0 .part v011B4380_0, 1, 1;
L_011B8A50 .part/pv L_011B8D68, 4, 1, 8;
L_011B9238 .part RS_0117F134, 4, 1;
L_011B9290 .part RS_0117F134, 2, 1;
L_011B8F20 .part v011B4380_0, 1, 1;
L_011B8EC8 .part/pv L_011B9130, 3, 1, 8;
L_011B8F78 .part RS_0117F134, 3, 1;
L_011B91E0 .part RS_0117F134, 1, 1;
L_011B8DC0 .part v011B4380_0, 1, 1;
L_011B8C60 .part/pv L_011B8AA8, 2, 1, 8;
L_011B8D10 .part RS_0117F134, 2, 1;
L_011B9028 .part RS_0117F134, 0, 1;
L_011B9080 .part v011B4380_0, 1, 1;
L_011BB910 .part/pv L_011BB9C0, 1, 1, 8;
L_011BB700 .part RS_0117F134, 1, 1;
L_011BBA18 .part v011B4380_0, 1, 1;
L_011BBF40 .part/pv L_011BB968, 0, 1, 8;
L_011BBEE8 .part RS_0117F134, 0, 1;
L_011BB808 .part v011B4380_0, 1, 1;
L_011BBCD8 .part/pv L_011BB860, 7, 1, 8;
L_011BBA70 .part RS_0117F14C, 7, 1;
L_011BB758 .part RS_0117F14C, 6, 1;
L_011BBB78 .part v011B4380_0, 0, 1;
L_011BBAC8 .part/pv L_011BBC80, 6, 1, 8;
L_011BB6A8 .part RS_0117F14C, 6, 1;
L_011BBBD0 .part RS_0117F14C, 5, 1;
L_011BBD30 .part v011B4380_0, 0, 1;
L_011BB7B0 .part/pv L_011BBD88, 5, 1, 8;
L_011BB8B8 .part RS_0117F14C, 5, 1;
L_011BBF98 .part RS_0117F14C, 4, 1;
L_011BBB20 .part v011B4380_0, 0, 1;
L_011BBC28 .part/pv L_011BBE38, 4, 1, 8;
L_011BBDE0 .part RS_0117F14C, 4, 1;
L_011BBE90 .part RS_0117F14C, 3, 1;
L_011BBFF0 .part v011B4380_0, 0, 1;
L_011BA9F0 .part/pv L_011BA788, 3, 1, 8;
L_011BA5D0 .part RS_0117F14C, 3, 1;
L_011BA940 .part RS_0117F14C, 2, 1;
L_011BA260 .part v011B4380_0, 0, 1;
L_011BAB50 .part/pv L_011BA418, 2, 1, 8;
L_011BA6D8 .part RS_0117F14C, 2, 1;
L_011BAA48 .part RS_0117F14C, 1, 1;
L_011BA730 .part v011B4380_0, 0, 1;
L_011BA2B8 .part/pv L_011BA628, 1, 1, 8;
L_011BA0A8 .part RS_0117F14C, 1, 1;
L_011BA470 .part RS_0117F14C, 0, 1;
L_011BA3C0 .part v011B4380_0, 0, 1;
L_011BA100 .part/pv L_011BA838, 0, 1, 8;
L_011BA998 .part RS_0117F14C, 0, 1;
L_011BA8E8 .part v011B4380_0, 0, 1;
L_011BAAA0 .concat [ 1 2 0 0], v011B4278_0, C4<00>;
L_011BA890 .cmp/eq 3, L_011BAAA0, C4<001>;
L_011BA310 .functor MUXZ 8, RS_0117F164, RS_0117F1AC, L_011BA890, C4<>;
S_01160460 .scope module, "SR2_7" "mux_2x1" 3 12, 4 1, S_0115F7A0;
 .timescale 0 0;
v011AF318_0 .net "in0", 0 0, L_011B4328; 1 drivers
v011AF3C8_0 .net "in1", 0 0, C4<0>; 1 drivers
v011AF630_0 .net "out", 0 0, L_011B4118; 1 drivers
v011AFBB0_0 .net "sel", 0 0, L_011B4068; 1 drivers
L_011B4118 .functor MUXZ 1, L_011B4328, C4<0>, L_011B4068, C4<>;
S_01160CE0 .scope module, "SR2_6" "mux_2x1" 3 13, 4 1, S_0115F7A0;
 .timescale 0 0;
v011AF9F8_0 .net "in0", 0 0, L_011B4AB8; 1 drivers
v011AF058_0 .net "in1", 0 0, C4<0>; 1 drivers
v011AF4D0_0 .net "out", 0 0, L_011B4488; 1 drivers
v011AF478_0 .net "sel", 0 0, L_011B47F8; 1 drivers
L_011B4488 .functor MUXZ 1, L_011B4AB8, C4<0>, L_011B47F8, C4<>;
S_01160C58 .scope module, "SR2_5" "mux_2x1" 3 14, 4 1, S_0115F7A0;
 .timescale 0 0;
v011AF108_0 .net "in0", 0 0, L_011B41C8; 1 drivers
v011AF948_0 .net "in1", 0 0, C4<0>; 1 drivers
v011AF5D8_0 .net "out", 0 0, L_011B44E0; 1 drivers
v011AFAA8_0 .net "sel", 0 0, L_011B4850; 1 drivers
L_011B44E0 .functor MUXZ 1, L_011B41C8, C4<0>, L_011B4850, C4<>;
S_01160790 .scope module, "SR2_4" "mux_2x1" 3 15, 4 1, S_0115F7A0;
 .timescale 0 0;
v011AF9A0_0 .net "in0", 0 0, L_011B4538; 1 drivers
v011AF1B8_0 .net "in1", 0 0, C4<0>; 1 drivers
v011AF8F0_0 .net "out", 0 0, L_011B48A8; 1 drivers
v011AF370_0 .net "sel", 0 0, L_011B4590; 1 drivers
L_011B48A8 .functor MUXZ 1, L_011B4538, C4<0>, L_011B4590, C4<>;
S_011602C8 .scope module, "SR2_3" "mux_2x1" 3 16, 4 1, S_0115F7A0;
 .timescale 0 0;
v011AF528_0 .net "in0", 0 0, L_011B45E8; 1 drivers
v011AF2C0_0 .net "in1", 0 0, L_011B4640; 1 drivers
v011AF420_0 .net "out", 0 0, L_011B43D8; 1 drivers
v011AF840_0 .net "sel", 0 0, L_011B4698; 1 drivers
L_011B43D8 .functor MUXZ 1, L_011B45E8, L_011B4640, L_011B4698, C4<>;
S_011609B0 .scope module, "SR2_2" "mux_2x1" 3 17, 4 1, S_0115F7A0;
 .timescale 0 0;
v011AF268_0 .net "in0", 0 0, L_011B4748; 1 drivers
v011AF790_0 .net "in1", 0 0, L_011B4900; 1 drivers
v011AF580_0 .net "out", 0 0, L_011B46F0; 1 drivers
v011AF898_0 .net "sel", 0 0, L_011B49B0; 1 drivers
L_011B46F0 .functor MUXZ 1, L_011B4748, L_011B4900, L_011B49B0, C4<>;
S_01160928 .scope module, "SR2_1" "mux_2x1" 3 18, 4 1, S_0115F7A0;
 .timescale 0 0;
v011AF160_0 .net "in0", 0 0, L_011B4ED8; 1 drivers
v011AF0B0_0 .net "in1", 0 0, L_011B4E80; 1 drivers
v011AF210_0 .net "out", 0 0, L_011B4A08; 1 drivers
v011AF738_0 .net "sel", 0 0, L_011B4F30; 1 drivers
L_011B4A08 .functor MUXZ 1, L_011B4ED8, L_011B4E80, L_011B4F30, C4<>;
S_01160240 .scope module, "SR2_0" "mux_2x1" 3 19, 4 1, S_0115F7A0;
 .timescale 0 0;
v011AF688_0 .net "in0", 0 0, L_011B4DD0; 1 drivers
v011AFB00_0 .net "in1", 0 0, L_011B4C18; 1 drivers
v011AF6E0_0 .net "out", 0 0, L_011B4BC0; 1 drivers
v011AFA50_0 .net "sel", 0 0, L_011B4B68; 1 drivers
L_011B4BC0 .functor MUXZ 1, L_011B4DD0, L_011B4C18, L_011B4B68, C4<>;
S_01160570 .scope module, "SR1_7" "mux_2x1" 3 21, 4 1, S_0115F7A0;
 .timescale 0 0;
v011AE940_0 .net "in0", 0 0, L_011B4E28; 1 drivers
v011AE0A8_0 .net "in1", 0 0, C4<0>; 1 drivers
v011AE100_0 .net "out", 0 0, L_011B4CC8; 1 drivers
v011AF7E8_0 .net "sel", 0 0, L_011B4D20; 1 drivers
L_011B4CC8 .functor MUXZ 1, L_011B4E28, C4<0>, L_011B4D20, C4<>;
S_01160AC0 .scope module, "SR1_6" "mux_2x1" 3 22, 4 1, S_0115F7A0;
 .timescale 0 0;
v011AEAA0_0 .net "in0", 0 0, L_011B6638; 1 drivers
v011AE050_0 .net "in1", 0 0, C4<0>; 1 drivers
v011AE1B0_0 .net "out", 0 0, L_011B4D78; 1 drivers
v011AE8E8_0 .net "sel", 0 0, L_011B6480; 1 drivers
L_011B4D78 .functor MUXZ 1, L_011B6638, C4<0>, L_011B6480, C4<>;
S_01160BD0 .scope module, "SR1_5" "mux_2x1" 3 23, 4 1, S_0115F7A0;
 .timescale 0 0;
v011AE890_0 .net "in0", 0 0, L_011B67F0; 1 drivers
v011AE520_0 .net "in1", 0 0, L_011B6530; 1 drivers
v011AE368_0 .net "out", 0 0, L_011B64D8; 1 drivers
v011AE4C8_0 .net "sel", 0 0, L_011B6690; 1 drivers
L_011B64D8 .functor MUXZ 1, L_011B67F0, L_011B6530, L_011B6690, C4<>;
S_011603D8 .scope module, "SR1_4" "mux_2x1" 3 24, 4 1, S_0115F7A0;
 .timescale 0 0;
v011AE158_0 .net "in0", 0 0, L_011B6798; 1 drivers
v011AE208_0 .net "in1", 0 0, L_011B6378; 1 drivers
v011AE680_0 .net "out", 0 0, L_011B65E0; 1 drivers
v011AE578_0 .net "sel", 0 0, L_011B63D0; 1 drivers
L_011B65E0 .functor MUXZ 1, L_011B6798, L_011B6378, L_011B63D0, C4<>;
S_01160D68 .scope module, "SR1_3" "mux_2x1" 3 25, 4 1, S_0115F7A0;
 .timescale 0 0;
v011AE7E0_0 .net "in0", 0 0, L_011B5A30; 1 drivers
v011AEA48_0 .net "in1", 0 0, L_011B5D48; 1 drivers
v011AE260_0 .net "out", 0 0, L_011B6428; 1 drivers
v011AE838_0 .net "sel", 0 0, L_011B5980; 1 drivers
L_011B6428 .functor MUXZ 1, L_011B5A30, L_011B5D48, L_011B5980, C4<>;
S_01160B48 .scope module, "SR1_2" "mux_2x1" 3 26, 4 1, S_0115F7A0;
 .timescale 0 0;
v011AE9F0_0 .net "in0", 0 0, L_011B6168; 1 drivers
v011AE6D8_0 .net "in1", 0 0, L_011B5CF0; 1 drivers
v011AE5D0_0 .net "out", 0 0, L_011B5A88; 1 drivers
v011AE628_0 .net "sel", 0 0, L_011B6218; 1 drivers
L_011B5A88 .functor MUXZ 1, L_011B6168, L_011B5CF0, L_011B6218, C4<>;
S_011604E8 .scope module, "SR1_1" "mux_2x1" 3 27, 4 1, S_0115F7A0;
 .timescale 0 0;
v011AE2B8_0 .net "in0", 0 0, L_011B59D8; 1 drivers
v011AE788_0 .net "in1", 0 0, L_011B62C8; 1 drivers
v011AE418_0 .net "out", 0 0, L_011B6270; 1 drivers
v011AEAF8_0 .net "sel", 0 0, L_011B6320; 1 drivers
L_011B6270 .functor MUXZ 1, L_011B59D8, L_011B62C8, L_011B6320, C4<>;
S_011608A0 .scope module, "SR1_0" "mux_2x1" 3 28, 4 1, S_0115F7A0;
 .timescale 0 0;
v011AE730_0 .net "in0", 0 0, L_011B58D0; 1 drivers
v011AE470_0 .net "in1", 0 0, L_011B5C98; 1 drivers
v011AE3C0_0 .net "out", 0 0, L_011B5B38; 1 drivers
v011AE998_0 .net "sel", 0 0, L_011B5878; 1 drivers
L_011B5B38 .functor MUXZ 1, L_011B58D0, L_011B5C98, L_011B5878, C4<>;
S_011600A8 .scope module, "SR0_7" "mux_2x1" 3 30, 4 1, S_0115F7A0;
 .timescale 0 0;
v011AED60_0 .net "in0", 0 0, L_011B5928; 1 drivers
v011AEE10_0 .net "in1", 0 0, C4<0>; 1 drivers
v011AEE68_0 .net "out", 0 0, L_011B5F00; 1 drivers
v011AE310_0 .net "sel", 0 0, L_011B5FB0; 1 drivers
L_011B5F00 .functor MUXZ 1, L_011B5928, C4<0>, L_011B5FB0, C4<>;
S_011601B8 .scope module, "SR0_6" "mux_2x1" 3 31, 4 1, S_0115F7A0;
 .timescale 0 0;
v011AEB50_0 .net "in0", 0 0, L_011B5C40; 1 drivers
v011AEDB8_0 .net "in1", 0 0, L_011B5E50; 1 drivers
v011AEBA8_0 .net "out", 0 0, L_011B5B90; 1 drivers
v011AEC00_0 .net "sel", 0 0, L_011B61C0; 1 drivers
L_011B5B90 .functor MUXZ 1, L_011B5C40, L_011B5E50, L_011B61C0, C4<>;
S_01160A38 .scope module, "SR0_5" "mux_2x1" 3 32, 4 1, S_0115F7A0;
 .timescale 0 0;
v011AEC58_0 .net "in0", 0 0, L_011B60B8; 1 drivers
v011AEF18_0 .net "in1", 0 0, L_011B6110; 1 drivers
v011AEEC0_0 .net "out", 0 0, L_011B6008; 1 drivers
v011AEF70_0 .net "sel", 0 0, L_011B71E8; 1 drivers
L_011B6008 .functor MUXZ 1, L_011B60B8, L_011B6110, L_011B71E8, C4<>;
S_0115FB58 .scope module, "SR0_4" "mux_2x1" 3 33, 4 1, S_0115F7A0;
 .timescale 0 0;
v011AD0A0_0 .net "in0", 0 0, L_011B7348; 1 drivers
v011AECB0_0 .net "in1", 0 0, L_011B7A80; 1 drivers
v011AEFC8_0 .net "out", 0 0, L_011B7920; 1 drivers
v011AED08_0 .net "sel", 0 0, L_011B78C8; 1 drivers
L_011B7920 .functor MUXZ 1, L_011B7348, L_011B7A80, L_011B78C8, C4<>;
S_0115F718 .scope module, "SR0_3" "mux_2x1" 3 34, 4 1, S_0115F7A0;
 .timescale 0 0;
v011AD9E8_0 .net "in0", 0 0, L_011B76B8; 1 drivers
v011ADA40_0 .net "in1", 0 0, L_011B77C0; 1 drivers
v011ADAF0_0 .net "out", 0 0, L_011B72F0; 1 drivers
v011AD048_0 .net "sel", 0 0, L_011B7450; 1 drivers
L_011B72F0 .functor MUXZ 1, L_011B76B8, L_011B77C0, L_011B7450, C4<>;
S_01160020 .scope module, "SR0_2" "mux_2x1" 3 35, 4 1, S_0115F7A0;
 .timescale 0 0;
v011AD938_0 .net "in0", 0 0, L_011B73A0; 1 drivers
v011AD410_0 .net "in1", 0 0, L_011B7500; 1 drivers
v011AD0F8_0 .net "out", 0 0, L_011B7AD8; 1 drivers
v011AD990_0 .net "sel", 0 0, L_011B70E0; 1 drivers
L_011B7AD8 .functor MUXZ 1, L_011B73A0, L_011B7500, L_011B70E0, C4<>;
S_0115F690 .scope module, "SR0_1" "mux_2x1" 3 36, 4 1, S_0115F7A0;
 .timescale 0 0;
v011AD888_0 .net "in0", 0 0, L_011B7710; 1 drivers
v011AD830_0 .net "in1", 0 0, L_011B7768; 1 drivers
v011AD3B8_0 .net "out", 0 0, L_011B7088; 1 drivers
v011AD8E0_0 .net "sel", 0 0, L_011B7138; 1 drivers
L_011B7088 .functor MUXZ 1, L_011B7710, L_011B7768, L_011B7138, C4<>;
S_0115FA48 .scope module, "SR0_0" "mux_2x1" 3 37, 4 1, S_0115F7A0;
 .timescale 0 0;
v011AD678_0 .net "in0", 0 0, L_011B7978; 1 drivers
v011AD7D8_0 .net "in1", 0 0, L_011B7298; 1 drivers
v011AD200_0 .net "out", 0 0, L_011B7190; 1 drivers
v011AD2B0_0 .net "sel", 0 0, L_011B73F8; 1 drivers
L_011B7190 .functor MUXZ 1, L_011B7978, L_011B7298, L_011B73F8, C4<>;
S_0115F608 .scope module, "SL2_7" "mux_2x1" 3 41, 4 1, S_0115F7A0;
 .timescale 0 0;
v011AD780_0 .net "in0", 0 0, L_011B7608; 1 drivers
v011ADA98_0 .net "in1", 0 0, L_011B7660; 1 drivers
v011AD150_0 .net "out", 0 0, L_011B74A8; 1 drivers
v011AD6D0_0 .net "sel", 0 0, L_011B7818; 1 drivers
L_011B74A8 .functor MUXZ 1, L_011B7608, L_011B7660, L_011B7818, C4<>;
S_0115F580 .scope module, "SL2_6" "mux_2x1" 3 42, 4 1, S_0115F7A0;
 .timescale 0 0;
v011AD570_0 .net "in0", 0 0, L_011B7EF8; 1 drivers
v011AD728_0 .net "in1", 0 0, L_011B7C90; 1 drivers
v011AD620_0 .net "out", 0 0, L_011B7870; 1 drivers
v011AD4C0_0 .net "sel", 0 0, L_011B7DF0; 1 drivers
L_011B7870 .functor MUXZ 1, L_011B7EF8, L_011B7C90, L_011B7DF0, C4<>;
S_0115FBE0 .scope module, "SL2_5" "mux_2x1" 3 43, 4 1, S_0115F7A0;
 .timescale 0 0;
v011AD258_0 .net "in0", 0 0, L_011B7D40; 1 drivers
v011AD308_0 .net "in1", 0 0, L_011B7FA8; 1 drivers
v011AD360_0 .net "out", 0 0, L_011B7CE8; 1 drivers
v011AD1A8_0 .net "sel", 0 0, L_011B7F50; 1 drivers
L_011B7CE8 .functor MUXZ 1, L_011B7D40, L_011B7FA8, L_011B7F50, C4<>;
S_0115FAD0 .scope module, "SL2_4" "mux_2x1" 3 44, 4 1, S_0115F7A0;
 .timescale 0 0;
v011ADB48_0 .net "in0", 0 0, L_011B7B88; 1 drivers
v011AD468_0 .net "in1", 0 0, L_011B7BE0; 1 drivers
v011AD518_0 .net "out", 0 0, L_011B8000; 1 drivers
v011AD5C8_0 .net "sel", 0 0, L_011B7C38; 1 drivers
L_011B8000 .functor MUXZ 1, L_011B7B88, L_011B7BE0, L_011B7C38, C4<>;
S_0115F9C0 .scope module, "SL2_3" "mux_2x1" 3 45, 4 1, S_0115F7A0;
 .timescale 0 0;
v011ADF10_0 .net "in0", 0 0, L_011B97B8; 1 drivers
v011ADC50_0 .net "in1", 0 0, C4<0>; 1 drivers
v011ADFC0_0 .net "out", 0 0, L_011B96B0; 1 drivers
v011ADCA8_0 .net "sel", 0 0, L_011B94F8; 1 drivers
L_011B96B0 .functor MUXZ 1, L_011B97B8, C4<0>, L_011B94F8, C4<>;
S_0115F4F8 .scope module, "SL2_2" "mux_2x1" 3 46, 4 1, S_0115F7A0;
 .timescale 0 0;
v011ADDB0_0 .net "in0", 0 0, L_011B9708; 1 drivers
v011ADF68_0 .net "in1", 0 0, C4<0>; 1 drivers
v011ADBA0_0 .net "out", 0 0, L_011B9658; 1 drivers
v011ADBF8_0 .net "sel", 0 0, L_011B94A0; 1 drivers
L_011B9658 .functor MUXZ 1, L_011B9708, C4<0>, L_011B94A0, C4<>;
S_0115F360 .scope module, "SL2_1" "mux_2x1" 3 47, 4 1, S_0115F7A0;
 .timescale 0 0;
v011ADE60_0 .net "in0", 0 0, L_011B9760; 1 drivers
v011ADE08_0 .net "in1", 0 0, C4<0>; 1 drivers
v011ADD00_0 .net "out", 0 0, L_011B9550; 1 drivers
v011ADD58_0 .net "sel", 0 0, L_011B9810; 1 drivers
L_011B9550 .functor MUXZ 1, L_011B9760, C4<0>, L_011B9810, C4<>;
S_0115FF10 .scope module, "SL2_0" "mux_2x1" 3 48, 4 1, S_0115F7A0;
 .timescale 0 0;
v011ACE00_0 .net "in0", 0 0, L_011B8B00; 1 drivers
v011ACE58_0 .net "in1", 0 0, C4<0>; 1 drivers
v011ACEB0_0 .net "out", 0 0, L_011B9600; 1 drivers
v011ADEB8_0 .net "sel", 0 0, L_011B8E18; 1 drivers
L_011B9600 .functor MUXZ 1, L_011B8B00, C4<0>, L_011B8E18, C4<>;
S_0115FE88 .scope module, "SL1_7" "mux_2x1" 3 50, 4 1, S_0115F7A0;
 .timescale 0 0;
v011ACFB8_0 .net "in0", 0 0, L_011B8FD0; 1 drivers
v011ACB98_0 .net "in1", 0 0, L_011B8948; 1 drivers
v011ACBF0_0 .net "out", 0 0, L_011B90D8; 1 drivers
v011ACDA8_0 .net "sel", 0 0, L_011B8E70; 1 drivers
L_011B90D8 .functor MUXZ 1, L_011B8FD0, L_011B8948, L_011B8E70, C4<>;
S_0115FD78 .scope module, "SL1_6" "mux_2x1" 3 51, 4 1, S_0115F7A0;
 .timescale 0 0;
v011ACCF8_0 .net "in0", 0 0, L_011B8BB0; 1 drivers
v011ACF60_0 .net "in1", 0 0, L_011B89F8; 1 drivers
v011ACB40_0 .net "out", 0 0, L_011B89A0; 1 drivers
v011ACD50_0 .net "sel", 0 0, L_011B8898; 1 drivers
L_011B89A0 .functor MUXZ 1, L_011B8BB0, L_011B89F8, L_011B8898, C4<>;
S_0115F1C8 .scope module, "SL1_5" "mux_2x1" 3 52, 4 1, S_0115F7A0;
 .timescale 0 0;
v011ACA38_0 .net "in0", 0 0, L_011B9188; 1 drivers
v011ACC48_0 .net "in1", 0 0, L_011B92E8; 1 drivers
v011ACF08_0 .net "out", 0 0, L_011B8CB8; 1 drivers
v011ACCA0_0 .net "sel", 0 0, L_011B88F0; 1 drivers
L_011B8CB8 .functor MUXZ 1, L_011B9188, L_011B92E8, L_011B88F0, C4<>;
S_0115FE00 .scope module, "SL1_4" "mux_2x1" 3 53, 4 1, S_0115F7A0;
 .timescale 0 0;
v011AC988_0 .net "in0", 0 0, L_011B9238; 1 drivers
v011AC670_0 .net "in1", 0 0, L_011B9290; 1 drivers
v011AC8D8_0 .net "out", 0 0, L_011B8D68; 1 drivers
v011AC930_0 .net "sel", 0 0, L_011B8F20; 1 drivers
L_011B8D68 .functor MUXZ 1, L_011B9238, L_011B9290, L_011B8F20, C4<>;
S_0115F2D8 .scope module, "SL1_3" "mux_2x1" 3 54, 4 1, S_0115F7A0;
 .timescale 0 0;
v011AC408_0 .net "in0", 0 0, L_011B8F78; 1 drivers
v011AC5C0_0 .net "in1", 0 0, L_011B91E0; 1 drivers
v011AC880_0 .net "out", 0 0, L_011B9130; 1 drivers
v011AC618_0 .net "sel", 0 0, L_011B8DC0; 1 drivers
L_011B9130 .functor MUXZ 1, L_011B8F78, L_011B91E0, L_011B8DC0, C4<>;
S_0115EFA8 .scope module, "SL1_2" "mux_2x1" 3 55, 4 1, S_0115F7A0;
 .timescale 0 0;
v011AC300_0 .net "in0", 0 0, L_011B8D10; 1 drivers
v011AC358_0 .net "in1", 0 0, L_011B9028; 1 drivers
v011AC3B0_0 .net "out", 0 0, L_011B8AA8; 1 drivers
v011AC828_0 .net "sel", 0 0, L_011B9080; 1 drivers
L_011B8AA8 .functor MUXZ 1, L_011B8D10, L_011B9028, L_011B9080, C4<>;
S_0115F470 .scope module, "SL1_1" "mux_2x1" 3 56, 4 1, S_0115F7A0;
 .timescale 0 0;
v011AC7D0_0 .net "in0", 0 0, L_011BB700; 1 drivers
v011AC778_0 .net "in1", 0 0, C4<0>; 1 drivers
v011AC148_0 .net "out", 0 0, L_011BB9C0; 1 drivers
v011AC1A0_0 .net "sel", 0 0, L_011BBA18; 1 drivers
L_011BB9C0 .functor MUXZ 1, L_011BB700, C4<0>, L_011BBA18, C4<>;
S_0115F938 .scope module, "SL1_0" "mux_2x1" 3 57, 4 1, S_0115F7A0;
 .timescale 0 0;
v011AC098_0 .net "in0", 0 0, L_011BBEE8; 1 drivers
v011AC250_0 .net "in1", 0 0, C4<0>; 1 drivers
v011AC0F0_0 .net "out", 0 0, L_011BB968; 1 drivers
v011AC720_0 .net "sel", 0 0, L_011BB808; 1 drivers
L_011BB968 .functor MUXZ 1, L_011BBEE8, C4<0>, L_011BB808, C4<>;
S_0115F0B8 .scope module, "SL0_7" "mux_2x1" 3 59, 4 1, S_0115F7A0;
 .timescale 0 0;
v011AC568_0 .net "in0", 0 0, L_011BBA70; 1 drivers
v011AC9E0_0 .net "in1", 0 0, L_011BB758; 1 drivers
v011AC1F8_0 .net "out", 0 0, L_011BB860; 1 drivers
v011AC510_0 .net "sel", 0 0, L_011BBB78; 1 drivers
L_011BB860 .functor MUXZ 1, L_011BBA70, L_011BB758, L_011BBB78, C4<>;
S_0115F030 .scope module, "SL0_6" "mux_2x1" 3 60, 4 1, S_0115F7A0;
 .timescale 0 0;
v011AC4B8_0 .net "in0", 0 0, L_011BB6A8; 1 drivers
v011AC040_0 .net "in1", 0 0, L_011BBBD0; 1 drivers
v011AC6C8_0 .net "out", 0 0, L_011BBC80; 1 drivers
v011ACA90_0 .net "sel", 0 0, L_011BBD30; 1 drivers
L_011BBC80 .functor MUXZ 1, L_011BB6A8, L_011BBBD0, L_011BBD30, C4<>;
S_0115FCF0 .scope module, "SL0_5" "mux_2x1" 3 61, 4 1, S_0115F7A0;
 .timescale 0 0;
v0117B668_0 .net "in0", 0 0, L_011BB8B8; 1 drivers
v011ACAE8_0 .net "in1", 0 0, L_011BBF98; 1 drivers
v011AC460_0 .net "out", 0 0, L_011BBD88; 1 drivers
v011AC2A8_0 .net "sel", 0 0, L_011BBB20; 1 drivers
L_011BBD88 .functor MUXZ 1, L_011BB8B8, L_011BBF98, L_011BBB20, C4<>;
S_0115F3E8 .scope module, "SL0_4" "mux_2x1" 3 62, 4 1, S_0115F7A0;
 .timescale 0 0;
v0117B770_0 .net "in0", 0 0, L_011BBDE0; 1 drivers
v0117BC98_0 .net "in1", 0 0, L_011BBE90; 1 drivers
v0117B8D0_0 .net "out", 0 0, L_011BBE38; 1 drivers
v0117B5B8_0 .net "sel", 0 0, L_011BBFF0; 1 drivers
L_011BBE38 .functor MUXZ 1, L_011BBDE0, L_011BBE90, L_011BBFF0, C4<>;
S_0115F8B0 .scope module, "SL0_3" "mux_2x1" 3 63, 4 1, S_0115F7A0;
 .timescale 0 0;
v0117BA30_0 .net "in0", 0 0, L_011BA5D0; 1 drivers
v0117BA88_0 .net "in1", 0 0, L_011BA940; 1 drivers
v0117B560_0 .net "out", 0 0, L_011BA788; 1 drivers
v0117BAE0_0 .net "sel", 0 0, L_011BA260; 1 drivers
L_011BA788 .functor MUXZ 1, L_011BA5D0, L_011BA940, L_011BA260, C4<>;
S_0115F250 .scope module, "SL0_2" "mux_2x1" 3 64, 4 1, S_0115F7A0;
 .timescale 0 0;
v0117B980_0 .net "in0", 0 0, L_011BA6D8; 1 drivers
v0117BC40_0 .net "in1", 0 0, L_011BAA48; 1 drivers
v0117B718_0 .net "out", 0 0, L_011BA418; 1 drivers
v0117BB90_0 .net "sel", 0 0, L_011BA730; 1 drivers
L_011BA418 .functor MUXZ 1, L_011BA6D8, L_011BAA48, L_011BA730, C4<>;
S_0115F828 .scope module, "SL0_1" "mux_2x1" 3 65, 4 1, S_0115F7A0;
 .timescale 0 0;
v0117B928_0 .net "in0", 0 0, L_011BA0A8; 1 drivers
v0117BBE8_0 .net "in1", 0 0, L_011BA470; 1 drivers
v0117B610_0 .net "out", 0 0, L_011BA628; 1 drivers
v0117BB38_0 .net "sel", 0 0, L_011BA3C0; 1 drivers
L_011BA628 .functor MUXZ 1, L_011BA0A8, L_011BA470, L_011BA3C0, C4<>;
S_0115FC68 .scope module, "SL0_0" "mux_2x1" 3 66, 4 1, S_0115F7A0;
 .timescale 0 0;
v0117B878_0 .net "in0", 0 0, L_011BA998; 1 drivers
v0117B7C8_0 .net "in1", 0 0, C4<0>; 1 drivers
v0117B6C0_0 .net "out", 0 0, L_011BA838; 1 drivers
v0117B9D8_0 .net "sel", 0 0, L_011BA8E8; 1 drivers
L_011BA838 .functor MUXZ 1, L_011BA998, C4<0>, L_011BA8E8, C4<>;
    .scope S_0115F140;
T_0 ;
    %wait E_011771E0;
    %delay 1, 0;
    %vpi_call 2 15 "$display", "Input = %b , Shift = %b , Direction = %b || Output = %b", v011B4B10_0, v011B4380_0, v011B4278_0, v011B47A0_0;
    %jmp T_0;
    .thread T_0, $push;
    .scope S_0115F140;
T_1 ;
    %vpi_call 2 20 "$dumpfile", "barrelshiftregister_8bit.vcd";
    %vpi_call 2 21 "$dumpvars", 1'sb0, S_0115F140;
    %movi 8, 178, 8;
    %set/v v011B4B10_0, 8, 8;
    %movi 8, 1, 3;
    %set/v v011B4380_0, 8, 3;
    %set/v v011B4278_0, 0, 1;
    %delay 10, 0;
    %movi 8, 178, 8;
    %set/v v011B4B10_0, 8, 8;
    %movi 8, 3, 3;
    %set/v v011B4380_0, 8, 3;
    %set/v v011B4278_0, 0, 1;
    %delay 10, 0;
    %movi 8, 178, 8;
    %set/v v011B4B10_0, 8, 8;
    %movi 8, 1, 3;
    %set/v v011B4380_0, 8, 3;
    %set/v v011B4278_0, 1, 1;
    %delay 10, 0;
    %movi 8, 178, 8;
    %set/v v011B4B10_0, 8, 8;
    %movi 8, 3, 3;
    %set/v v011B4380_0, 8, 3;
    %set/v v011B4278_0, 1, 1;
    %delay 10, 0;
    %set/v v011B4B10_0, 1, 8;
    %movi 8, 4, 3;
    %set/v v011B4380_0, 8, 3;
    %set/v v011B4278_0, 0, 1;
    %delay 10, 0;
    %set/v v011B4B10_0, 1, 8;
    %movi 8, 4, 3;
    %set/v v011B4380_0, 8, 3;
    %set/v v011B4278_0, 1, 1;
    %delay 10, 0;
    %vpi_call 2 30 "$finish";
    %end;
    .thread T_1;
# The file index is used to find the file name in the following table.
:file_names 5;
    "N/A";
    "<interactive>";
    "Barrelshift8bittb.v";
    "barrelshiftregister.v";
    "MUX_2x1.v";
